   1               		.file	"Descriptors.c"
   2               	__SREG__ = 0x3f
   3               	__SP_H__ = 0x3e
   4               	__SP_L__ = 0x3d
   5               	__CCP__  = 0x34
   6               	__tmp_reg__ = 0
   7               	__zero_reg__ = 1
  15               	.Ltext0:
  16               		.section	.text.CALLBACK_USB_GetDescriptor,"ax",@progbits
  17               	.global	CALLBACK_USB_GetDescriptor
  19               	CALLBACK_USB_GetDescriptor:
  20               	.LFB29:
  21               	.LSM0:
  22               	.LVL0:
  23               	/* prologue: function */
  24               	/* frame size = 0 */
  25 0000 FA01      		movw r30,r20
  26               	.LSM1:
  27 0002 9230      		cpi r25,lo8(2)
  28               	.LVL1:
  29 0004 01F0      		breq .L4
  30               	.LVL2:
  31 0006 9330      		cpi r25,lo8(3)
  32 0008 01F0      		breq .L5
  33 000a 9130      		cpi r25,lo8(1)
  34 000c 01F4      		brne .L9
  35 000e 80E0      		ldi r24,lo8(DeviceDescriptor)
  36 0010 90E0      		ldi r25,hi8(DeviceDescriptor)
  37               	.LVL3:
  38 0012 22E1      		ldi r18,lo8(18)
  39 0014 30E0      		ldi r19,hi8(18)
  40               	.LVL4:
  41 0016 00C0      		rjmp .L6
  42               	.LVL5:
  43               	.L9:
  44 0018 80E0      		ldi r24,lo8(0)
  45 001a 90E0      		ldi r25,hi8(0)
  46               	.LVL6:
  47 001c 20E0      		ldi r18,lo8(0)
  48 001e 30E0      		ldi r19,hi8(0)
  49               	.LVL7:
  50 0020 00C0      		rjmp .L6
  51               	.LVL8:
  52               	.L4:
  53 0022 80E0      		ldi r24,lo8(ConfigurationDescriptor)
  54 0024 90E0      		ldi r25,hi8(ConfigurationDescriptor)
  55               	.LVL9:
  56 0026 23E4      		ldi r18,lo8(67)
  57 0028 30E0      		ldi r19,hi8(67)
  58               	.LVL10:
  59 002a 00C0      		rjmp .L6
  60               	.LVL11:
  61               	.L5:
  62               	.LSM2:
  63 002c 8823      		tst r24
  64 002e 01F4      		brne .L7
  65               	.LSM3:
  66 0030 8091 0000 		lds r24,LanguageString
  67               	.LVL12:
  68 0034 282F      		mov r18,r24
  69               	.LVL13:
  70 0036 30E0      		ldi r19,lo8(0)
  71               	.LVL14:
  72 0038 80E0      		ldi r24,lo8(LanguageString)
  73 003a 90E0      		ldi r25,hi8(LanguageString)
  74               	.LVL15:
  75 003c 00C0      		rjmp .L6
  76               	.LVL16:
  77               	.L7:
  78               	.LSM4:
  79 003e 8091 0000 		lds r24,ProductString
  80               	.LVL17:
  81 0042 282F      		mov r18,r24
  82               	.LVL18:
  83 0044 30E0      		ldi r19,lo8(0)
  84               	.LVL19:
  85 0046 80E0      		ldi r24,lo8(ProductString)
  86 0048 90E0      		ldi r25,hi8(ProductString)
  87               	.LVL20:
  88               	.L6:
  89               	.LSM5:
  90 004a 9183      		std Z+1,r25
  91 004c 8083      		st Z,r24
  92               	.LSM6:
  93 004e C901      		movw r24,r18
  94               	.LVL21:
  95               	/* epilogue start */
  96 0050 0895      		ret
  97               	.LFE29:
  99               	.global	DeviceDescriptor
 100               		.data
 103               	DeviceDescriptor:
 104 0000 12        		.byte	18
 105 0001 01        		.byte	1
 106 0002 1001      		.word	272
 107 0004 02        		.byte	2
 108 0005 00        		.byte	0
 109 0006 00        		.byte	0
 110 0007 08        		.byte	8
 111 0008 EB03      		.word	1003
 112 000a 4A20      		.word	8266
 113 000c 0000      		.word	0
 114 000e 00        		.byte	0
 115 000f 01        		.byte	1
 116 0010 00        		.byte	0
 117 0011 01        		.byte	1
 118               	.global	ConfigurationDescriptor
 121               	ConfigurationDescriptor:
 122 0012 09        		.byte	9
 123 0013 02        		.byte	2
 124 0014 4300      		.word	67
 125 0016 02        		.byte	2
 126 0017 01        		.byte	1
 127 0018 00        		.byte	0
 128 0019 80        		.byte	-128
 129 001a 32        		.byte	50
 130 001b 09        		.byte	9
 131 001c 04        		.byte	4
 132 001d 00        		.byte	0
 133 001e 00        		.byte	0
 134 001f 01        		.byte	1
 135 0020 02        		.byte	2
 136 0021 02        		.byte	2
 137 0022 01        		.byte	1
 138 0023 00        		.byte	0
 139 0024 05        		.byte	5
 140 0025 24        		.byte	36
 141 0026 00        		.byte	0
 142 0027 10        		.byte	16
 143 0028 01        		.byte	1
 144 0029 05        		.byte	5
 145 002a 24        		.byte	36
 146 002b 01        		.byte	1
 147 002c 03        		.byte	3
 148 002d 01        		.byte	1
 149 002e 04        		.byte	4
 150 002f 24        		.byte	36
 151 0030 02        		.byte	2
 152 0031 06        		.byte	6
 153 0032 05        		.byte	5
 154 0033 24        		.byte	36
 155 0034 06        		.byte	6
 156 0035 00        		.byte	0
 157 0036 01        		.byte	1
 158 0037 07        		.byte	7
 159 0038 05        		.byte	5
 160 0039 83        		.byte	-125
 161 003a 03        		.byte	3
 162 003b 0800      		.word	8
 163 003d 02        		.byte	2
 164 003e 09        		.byte	9
 165 003f 04        		.byte	4
 166 0040 01        		.byte	1
 167 0041 00        		.byte	0
 168 0042 02        		.byte	2
 169 0043 0A        		.byte	10
 170 0044 00        		.byte	0
 171 0045 00        		.byte	0
 172 0046 00        		.byte	0
 173 0047 07        		.byte	7
 174 0048 05        		.byte	5
 175 0049 02        		.byte	2
 176 004a 02        		.byte	2
 177 004b 1000      		.word	16
 178 004d 00        		.byte	0
 179 004e 07        		.byte	7
 180 004f 05        		.byte	5
 181 0050 81        		.byte	-127
 182 0051 02        		.byte	2
 183 0052 1000      		.word	16
 184 0054 00        		.byte	0
 185               	.global	LanguageString
 188               	LanguageString:
 189 0055 04        		.byte	4
 190 0056 03        		.byte	3
 191 0057 0904      		.word	1033
 192               	.global	ProductString
 195               	ProductString:
 196 0059 26        		.byte	38
 197 005a 03        		.byte	3
 198 005b 4100      		.string	"A"
 199 005d 5600      		.string	"V"
 200 005f 5200      		.string	"R"
 201 0061 2000      		.string	" "
 202 0063 4300      		.string	"C"
 203 0065 4400      		.string	"D"
 204 0067 4300      		.string	"C"
 205 0069 2000      		.string	" "
 206 006b 4200      		.string	"B"
 207 006d 6F00      		.string	"o"
 208 006f 6F00      		.string	"o"
 209 0071 7400      		.string	"t"
 210 0073 6C00      		.string	"l"
 211 0075 6F00      		.string	"o"
 212 0077 6100      		.string	"a"
 213 0079 6400      		.string	"d"
 214 007b 6500      		.string	"e"
 215 007d 7200      		.string	"r"
 216 007f 00        		.string	""
 217 0080 00        		.string	""
 242               	.Letext0:
DEFINED SYMBOLS
                            *ABS*:00000000 Descriptors.c
C:\Users\Alan\AppData\Local\Temp/cceUISqX.s:2      *ABS*:0000003f __SREG__
C:\Users\Alan\AppData\Local\Temp/cceUISqX.s:3      *ABS*:0000003e __SP_H__
C:\Users\Alan\AppData\Local\Temp/cceUISqX.s:4      *ABS*:0000003d __SP_L__
C:\Users\Alan\AppData\Local\Temp/cceUISqX.s:5      *ABS*:00000034 __CCP__
C:\Users\Alan\AppData\Local\Temp/cceUISqX.s:6      *ABS*:00000000 __tmp_reg__
C:\Users\Alan\AppData\Local\Temp/cceUISqX.s:7      *ABS*:00000001 __zero_reg__
C:\Users\Alan\AppData\Local\Temp/cceUISqX.s:19     .text.CALLBACK_USB_GetDescriptor:00000000 CALLBACK_USB_GetDescriptor
C:\Users\Alan\AppData\Local\Temp/cceUISqX.s:103    .data:00000000 DeviceDescriptor
C:\Users\Alan\AppData\Local\Temp/cceUISqX.s:121    .data:00000012 ConfigurationDescriptor
C:\Users\Alan\AppData\Local\Temp/cceUISqX.s:188    .data:00000055 LanguageString
C:\Users\Alan\AppData\Local\Temp/cceUISqX.s:195    .data:00000059 ProductString

UNDEFINED SYMBOLS
__do_copy_data
